This file contains any messages produced by compilers while
running configure, to aid debugging if configure makes a mistake.

It was created by SEAL configure 2.1, which was
generated by GNU Autoconf 2.69.  Invocation command line was

  $ ./configure 

## --------- ##
## Platform. ##
## --------- ##

hostname = MacBook-Pro-2.local
uname -m = x86_64
uname -r = 16.5.0
uname -s = Darwin
uname -v = Darwin Kernel Version 16.5.0: Fri Mar  3 16:52:33 PST 2017; root:xnu-3789.51.2~3/RELEASE_X86_64

/usr/bin/uname -p = i386
/bin/uname -X     = unknown

/bin/arch              = unknown
/usr/bin/arch -k       = unknown
/usr/convex/getsysinfo = unknown
/usr/bin/hostinfo      = Mach kernel version:
	 Darwin Kernel Version 16.5.0: Fri Mar  3 16:52:33 PST 2017; root:xnu-3789.51.2~3/RELEASE_X86_64
Kernel configured for up to 8 processors.
4 processors are physically available.
8 processors are logically available.
Processor type: x86_64h (Intel x86-64h Haswell)
Processors active: 0 1 2 3 4 5 6 7
Primary memory available: 16.00 gigabytes
Default processor set: 487 tasks, 2516 threads, 8 processors
Load average: 1.88, Mach factor: 6.11
/bin/machine           = unknown
/usr/bin/oslevel       = unknown
/bin/universe          = unknown

PATH: /usr/local/bin
PATH: /usr/bin
PATH: /bin
PATH: /usr/sbin
PATH: /sbin
PATH: /opt/X11/bin
PATH: /usr/local/MacGPG2/bin
PATH: /Library/TeX/texbin


## ----------- ##
## Core tests. ##
## ----------- ##

configure:2036: checking for g++
configure:2052: found /usr/bin/g++
configure:2063: result: g++
configure:2090: checking for C++ compiler version
configure:2099: g++ --version >&5
Apple LLVM version 8.1.0 (clang-802.0.42)
Target: x86_64-apple-darwin16.5.0
Thread model: posix
InstalledDir: /Library/Developer/CommandLineTools/usr/bin
Configured with: --prefix=/Library/Developer/CommandLineTools/usr --with-gxx-include-dir=/usr/include/c++/4.2.1
configure:2110: $? = 0
configure:2099: g++ -v >&5
Configured with: --prefix=/Library/Developer/CommandLineTools/usr --with-gxx-include-dir=/usr/include/c++/4.2.1
Apple LLVM version 8.1.0 (clang-802.0.42)
Target: x86_64-apple-darwin16.5.0
Thread model: posix
InstalledDir: /Library/Developer/CommandLineTools/usr/bin
configure:2110: $? = 0
configure:2099: g++ -V >&5
clang: error: argument to '-V' is missing (expected 1 value)
clang: error: no input files
configure:2110: $? = 1
configure:2099: g++ -qversion >&5
clang: error: unknown argument: '-qversion'
clang: error: no input files
configure:2110: $? = 1
configure:2130: checking whether the C++ compiler works
configure:2152: g++    conftest.cpp  >&5
configure:2156: $? = 0
configure:2204: result: yes
configure:2207: checking for C++ compiler default output file name
configure:2209: result: a.out
configure:2215: checking for suffix of executables
configure:2222: g++ -o conftest    conftest.cpp  >&5
configure:2226: $? = 0
configure:2248: result: 
configure:2270: checking whether we are cross compiling
configure:2278: g++ -o conftest    conftest.cpp  >&5
configure:2282: $? = 0
configure:2289: ./conftest
configure:2293: $? = 0
configure:2308: result: no
configure:2313: checking for suffix of object files
configure:2335: g++ -c   conftest.cpp >&5
configure:2339: $? = 0
configure:2360: result: o
configure:2364: checking whether we are using the GNU C++ compiler
configure:2383: g++ -c   conftest.cpp >&5
configure:2383: $? = 0
configure:2392: result: yes
configure:2401: checking whether g++ accepts -g
configure:2421: g++ -c -g  conftest.cpp >&5
configure:2421: $? = 0
configure:2462: result: yes
configure:2512: checking how to run the C++ preprocessor
configure:2539: g++ -E  conftest.cpp
configure:2539: $? = 0
configure:2553: g++ -E  conftest.cpp
conftest.cpp:9:10: fatal error: 'ac_nonexistent.h' file not found
#include <ac_nonexistent.h>
         ^
1 error generated.
configure:2553: $? = 1
configure: failed program was:
| /* confdefs.h */
| #define PACKAGE_NAME "SEAL"
| #define PACKAGE_TARNAME "seal"
| #define PACKAGE_VERSION "2.1"
| #define PACKAGE_STRING "SEAL 2.1"
| #define PACKAGE_BUGREPORT ""
| #define PACKAGE_URL ""
| /* end confdefs.h.  */
| #include <ac_nonexistent.h>
configure:2578: result: g++ -E
configure:2598: g++ -E  conftest.cpp
configure:2598: $? = 0
configure:2612: g++ -E  conftest.cpp
conftest.cpp:9:10: fatal error: 'ac_nonexistent.h' file not found
#include <ac_nonexistent.h>
         ^
1 error generated.
configure:2612: $? = 1
configure: failed program was:
| /* confdefs.h */
| #define PACKAGE_NAME "SEAL"
| #define PACKAGE_TARNAME "seal"
| #define PACKAGE_VERSION "2.1"
| #define PACKAGE_STRING "SEAL 2.1"
| #define PACKAGE_BUGREPORT ""
| #define PACKAGE_URL ""
| /* end confdefs.h.  */
| #include <ac_nonexistent.h>
configure:2641: checking for grep that handles long lines and -e
configure:2699: result: /usr/bin/grep
configure:2704: checking for egrep
configure:2766: result: /usr/bin/grep -E
configure:2771: checking for ANSI C header files
configure:2791: g++ -c -g -O0  conftest.cpp >&5
configure:2791: $? = 0
configure:2864: g++ -o conftest -g -O0   conftest.cpp  >&5
configure:2864: $? = 0
configure:2864: ./conftest
configure:2864: $? = 0
configure:2875: result: yes
configure:2888: checking for sys/types.h
configure:2888: g++ -c -g -O0  conftest.cpp >&5
configure:2888: $? = 0
configure:2888: result: yes
configure:2888: checking for sys/stat.h
configure:2888: g++ -c -g -O0  conftest.cpp >&5
configure:2888: $? = 0
configure:2888: result: yes
configure:2888: checking for stdlib.h
configure:2888: g++ -c -g -O0  conftest.cpp >&5
configure:2888: $? = 0
configure:2888: result: yes
configure:2888: checking for string.h
configure:2888: g++ -c -g -O0  conftest.cpp >&5
configure:2888: $? = 0
configure:2888: result: yes
configure:2888: checking for memory.h
configure:2888: g++ -c -g -O0  conftest.cpp >&5
configure:2888: $? = 0
configure:2888: result: yes
configure:2888: checking for strings.h
configure:2888: g++ -c -g -O0  conftest.cpp >&5
configure:2888: $? = 0
configure:2888: result: yes
configure:2888: checking for inttypes.h
configure:2888: g++ -c -g -O0  conftest.cpp >&5
configure:2888: $? = 0
configure:2888: result: yes
configure:2888: checking for stdint.h
configure:2888: g++ -c -g -O0  conftest.cpp >&5
configure:2888: $? = 0
configure:2888: result: yes
configure:2888: checking for unistd.h
configure:2888: g++ -c -g -O0  conftest.cpp >&5
configure:2888: $? = 0
configure:2888: result: yes
configure:2902: checking x86intrin.h usability
configure:2902: g++ -c -g -O0  conftest.cpp >&5
configure:2902: $? = 0
configure:2902: result: yes
configure:2902: checking x86intrin.h presence
configure:2902: g++ -E  conftest.cpp
configure:2902: $? = 0
configure:2902: result: yes
configure:2902: checking for x86intrin.h
configure:2902: result: yes
configure:2917: checking for __builtin_clzll
configure:2930: g++ -c -g -O0  conftest.cpp >&5
conftest.cpp:25:1: warning: ignoring return value of function declared with const attribute [-Wunused-value]
__builtin_clzll(0)
^~~~~~~~~~~~~~~ ~
1 warning generated.
configure:2930: $? = 0
configure:2936: result: yes
configure:2945: checking for _addcarry_u64
configure:2965: g++ -o conftest -g -O0   conftest.cpp  >&5
configure:2965: $? = 0
configure:2965: ./conftest
configure:2965: $? = 0
configure:2974: result: yes
configure:2983: checking for _subborrow_u64
configure:3003: g++ -o conftest -g -O0   conftest.cpp  >&5
configure:3003: $? = 0
configure:3003: ./conftest
configure:3003: $? = 0
configure:3012: result: yes
configure:3022: checking for _mulx_u64
configure:3042: g++ -o conftest -g -O0 -mbmi2   conftest.cpp  >&5
configure:3042: $? = 0
configure:3042: ./conftest
configure:3042: $? = 0
configure:3051: result: yes
configure:3185: creating ./config.status

## ---------------------- ##
## Running config.status. ##
## ---------------------- ##

This file was extended by SEAL config.status 2.1, which was
generated by GNU Autoconf 2.69.  Invocation command line was

  CONFIG_FILES    = 
  CONFIG_HEADERS  = 
  CONFIG_LINKS    = 
  CONFIG_COMMANDS = 
  $ ./config.status 

on MacBook-Pro-2.local

config.status:803: creating Makefile
config.status:803: creating config.h

## ---------------- ##
## Cache variables. ##
## ---------------- ##

ac_cv_cxx_compiler_gnu=yes
ac_cv_env_CCC_set=
ac_cv_env_CCC_value=
ac_cv_env_CPPFLAGS_set=
ac_cv_env_CPPFLAGS_value=
ac_cv_env_CXXCPP_set=
ac_cv_env_CXXCPP_value=
ac_cv_env_CXXFLAGS_set=
ac_cv_env_CXXFLAGS_value=
ac_cv_env_CXX_set=
ac_cv_env_CXX_value=
ac_cv_env_LDFLAGS_set=
ac_cv_env_LDFLAGS_value=
ac_cv_env_LIBS_set=
ac_cv_env_LIBS_value=
ac_cv_env_build_alias_set=
ac_cv_env_build_alias_value=
ac_cv_env_host_alias_set=
ac_cv_env_host_alias_value=
ac_cv_env_target_alias_set=
ac_cv_env_target_alias_value=
ac_cv_header_inttypes_h=yes
ac_cv_header_memory_h=yes
ac_cv_header_stdc=yes
ac_cv_header_stdint_h=yes
ac_cv_header_stdlib_h=yes
ac_cv_header_string_h=yes
ac_cv_header_strings_h=yes
ac_cv_header_sys_stat_h=yes
ac_cv_header_sys_types_h=yes
ac_cv_header_unistd_h=yes
ac_cv_header_x86intrin_h=yes
ac_cv_objext=o
ac_cv_path_EGREP='/usr/bin/grep -E'
ac_cv_path_GREP=/usr/bin/grep
ac_cv_prog_CXXCPP='g++ -E'
ac_cv_prog_ac_ct_CXX=g++
ac_cv_prog_cxx_g=yes

## ----------------- ##
## Output variables. ##
## ----------------- ##

CPPFLAGS=''
CXX='g++'
CXXCPP='g++ -E'
CXXFLAGS='-g -O2 -mbmi2'
DEFS='-DHAVE_CONFIG_H'
ECHO_C='\c'
ECHO_N=''
ECHO_T=''
EGREP='/usr/bin/grep -E'
EXEEXT=''
GREP='/usr/bin/grep'
LDFLAGS=''
LIBOBJS=''
LIBS=''
LTLIBOBJS=''
OBJEXT='o'
PACKAGE_BUGREPORT=''
PACKAGE_NAME='SEAL'
PACKAGE_STRING='SEAL 2.1'
PACKAGE_TARNAME='seal'
PACKAGE_URL=''
PACKAGE_VERSION='2.1'
PATH_SEPARATOR=':'
SHELL='/bin/sh'
ac_ct_CXX='g++'
bindir='${exec_prefix}/bin'
build_alias=''
datadir='${datarootdir}'
datarootdir='${prefix}/share'
docdir='${datarootdir}/doc/${PACKAGE_TARNAME}'
dvidir='${docdir}'
exec_prefix='${prefix}'
host_alias=''
htmldir='${docdir}'
includedir='${prefix}/include'
infodir='${datarootdir}/info'
libdir='${exec_prefix}/lib'
libexecdir='${exec_prefix}/libexec'
localedir='${datarootdir}/locale'
localstatedir='${prefix}/var'
mandir='${datarootdir}/man'
oldincludedir='/usr/include'
pdfdir='${docdir}'
prefix='/usr/local'
program_transform_name='s,x,x,'
psdir='${docdir}'
sbindir='${exec_prefix}/sbin'
sharedstatedir='${prefix}/com'
sysconfdir='${prefix}/etc'
target_alias=''

## ----------- ##
## confdefs.h. ##
## ----------- ##

/* confdefs.h */
#define PACKAGE_NAME "SEAL"
#define PACKAGE_TARNAME "seal"
#define PACKAGE_VERSION "2.1"
#define PACKAGE_STRING "SEAL 2.1"
#define PACKAGE_BUGREPORT ""
#define PACKAGE_URL ""
#define STDC_HEADERS 1
#define HAVE_SYS_TYPES_H 1
#define HAVE_SYS_STAT_H 1
#define HAVE_STDLIB_H 1
#define HAVE_STRING_H 1
#define HAVE_MEMORY_H 1
#define HAVE_STRINGS_H 1
#define HAVE_INTTYPES_H 1
#define HAVE_STDINT_H 1
#define HAVE_UNISTD_H 1
#define HAVE_X86INTRIN_H 1
#define ENABLE_INTRIN 1
#define ENABLE___BUILTIN_CLZLL 1
#define ENABLE__ADDCARRY_U64 1
#define ENABLE__SUBBORROW_U64 1
#define ENABLE__MULX_U64 1

configure: exit 0
